The system is: Linux - sh: 0: getcwd() failed: No such file or directory
5.3.0-24-generic - sh: 0: getcwd() failed: No such file or directory
x86_64
Determining if the C compiler works passed with the following output:
Change Dir: /home/red-scule/Desktop/projects/c_projects/tic_tac_toe/build/CMakeFiles/CMakeTmp

Run Build Command:"/usr/bin/make" "cmTC_9d352/fast"
/usr/bin/make -f CMakeFiles/cmTC_9d352.dir/build.make CMakeFiles/cmTC_9d352.dir/build
make[1]: Entering directory '/home/red-scule/Desktop/projects/c_projects/tic_tac_toe/build/CMakeFiles/CMakeTmp'
Building C object CMakeFiles/cmTC_9d352.dir/testCCompiler.c.o
/bin/c99-gcc    -o CMakeFiles/cmTC_9d352.dir/testCCompiler.c.o   -c /home/red-scule/Desktop/projects/c_projects/tic_tac_toe/build/CMakeFiles/CMakeTmp/testCCompiler.c
Linking C executable cmTC_9d352
/usr/bin/cmake -E cmake_link_script CMakeFiles/cmTC_9d352.dir/link.txt --verbose=1
/bin/c99-gcc      CMakeFiles/cmTC_9d352.dir/testCCompiler.c.o  -o cmTC_9d352 
make[1]: Leaving directory '/home/red-scule/Desktop/projects/c_projects/tic_tac_toe/build/CMakeFiles/CMakeTmp'


Detecting C compiler ABI info compiled with the following output:
Change Dir: /home/red-scule/Desktop/projects/c_projects/tic_tac_toe/build/CMakeFiles/CMakeTmp

Run Build Command:"/usr/bin/make" "cmTC_f23fe/fast"
/usr/bin/make -f CMakeFiles/cmTC_f23fe.dir/build.make CMakeFiles/cmTC_f23fe.dir/build
make[1]: Entering directory '/home/red-scule/Desktop/projects/c_projects/tic_tac_toe/build/CMakeFiles/CMakeTmp'
Building C object CMakeFiles/cmTC_f23fe.dir/CMakeCCompilerABI.c.o
/bin/c99-gcc    -o CMakeFiles/cmTC_f23fe.dir/CMakeCCompilerABI.c.o   -c /usr/share/cmake-3.13/Modules/CMakeCCompilerABI.c
Linking C executable cmTC_f23fe
/usr/bin/cmake -E cmake_link_script CMakeFiles/cmTC_f23fe.dir/link.txt --verbose=1
/bin/c99-gcc      CMakeFiles/cmTC_f23fe.dir/CMakeCCompilerABI.c.o  -o cmTC_f23fe 
make[1]: Leaving directory '/home/red-scule/Desktop/projects/c_projects/tic_tac_toe/build/CMakeFiles/CMakeTmp'


Determining if the CXX compiler works passed with the following output:
Change Dir: /home/red-scule/Desktop/projects/c_projects/tic_tac_toe/build/CMakeFiles/CMakeTmp

Run Build Command:"/usr/bin/make" "cmTC_21b24/fast"
/usr/bin/make -f CMakeFiles/cmTC_21b24.dir/build.make CMakeFiles/cmTC_21b24.dir/build
make[1]: Entering directory '/home/red-scule/Desktop/projects/c_projects/tic_tac_toe/build/CMakeFiles/CMakeTmp'
Building CXX object CMakeFiles/cmTC_21b24.dir/testCXXCompiler.cxx.o
/bin/c++     -o CMakeFiles/cmTC_21b24.dir/testCXXCompiler.cxx.o -c /home/red-scule/Desktop/projects/c_projects/tic_tac_toe/build/CMakeFiles/CMakeTmp/testCXXCompiler.cxx
Linking CXX executable cmTC_21b24
/usr/bin/cmake -E cmake_link_script CMakeFiles/cmTC_21b24.dir/link.txt --verbose=1
/bin/c++       CMakeFiles/cmTC_21b24.dir/testCXXCompiler.cxx.o  -o cmTC_21b24 
make[1]: Leaving directory '/home/red-scule/Desktop/projects/c_projects/tic_tac_toe/build/CMakeFiles/CMakeTmp'


Detecting CXX compiler ABI info compiled with the following output:
Change Dir: /home/red-scule/Desktop/projects/c_projects/tic_tac_toe/build/CMakeFiles/CMakeTmp

Run Build Command:"/usr/bin/make" "cmTC_b7381/fast"
/usr/bin/make -f CMakeFiles/cmTC_b7381.dir/build.make CMakeFiles/cmTC_b7381.dir/build
make[1]: Entering directory '/home/red-scule/Desktop/projects/c_projects/tic_tac_toe/build/CMakeFiles/CMakeTmp'
Building CXX object CMakeFiles/cmTC_b7381.dir/CMakeCXXCompilerABI.cpp.o
/bin/c++     -o CMakeFiles/cmTC_b7381.dir/CMakeCXXCompilerABI.cpp.o -c /usr/share/cmake-3.13/Modules/CMakeCXXCompilerABI.cpp
Linking CXX executable cmTC_b7381
/usr/bin/cmake -E cmake_link_script CMakeFiles/cmTC_b7381.dir/link.txt --verbose=1
/bin/c++       CMakeFiles/cmTC_b7381.dir/CMakeCXXCompilerABI.cpp.o  -o cmTC_b7381 
make[1]: Leaving directory '/home/red-scule/Desktop/projects/c_projects/tic_tac_toe/build/CMakeFiles/CMakeTmp'


